2014-08-22 11:32:52.004 CocaCola[95779:70b] Multi-tasking -> Device: YES, App: YES
2014-08-22 11:32:52.006 CocaCola[95779:70b] Unlimited access to network resources
2014-08-22 11:32:52.036 CocaCola[95779:70b] active
2014-08-22 11:32:52:262 CocaCola[95779:70b] WARN|SFRootViewManager|view controller ((null)) not found in the view controller stack.  No action taken.
2014-08-22 11:32:52:728 CocaCola[95779:70b] INFO|SFSecurityLockout|Skipping 'lock' since pin policies are not configured.
2014-08-22 11:32:52.735 CocaCola[95779:70b] 

Started backup to iCloud! Please be careful.
Your application might rejected by Apple if you store too much data.
For more information please read "iOS Data Storage Guidelines"
You could find it at the following address https://developer.apple.com/icloud/documentation/data-storage/ .

2014-08-22 11:32:52.739 CocaCola[95779:70b] [CDVTimer][statusbar] 1.972020ms
2014-08-22 11:32:52.740 CocaCola[95779:70b] [CDVTimer][TotalPluginStartup] 2.184033ms
2014-08-22 11:32:52.745 CocaCola[95779:70b] Resetting plugins due to page load.
2014-08-22 11:32:53:041 CocaCola[95779:70b] INFO|SFHybridViewController|Checking file:///Users/agupta/Library/Application%20Support/iPhone%20Simulator/7.1/Applications/A3FEAB6D-DDDA-4F64-A113-09C56D00001C/CocaCola.app/www/index.html as a 'home page' URL candidate for this app.
2014-08-22 11:32:53:041 CocaCola[95779:70b] INFO|SFHybridViewController|Setting file:///Users/agupta/Library/Application%20Support/iPhone%20Simulator/7.1/Applications/A3FEAB6D-DDDA-4F64-A113-09C56D00001C/CocaCola.app/www/index.html as the 'home page' URL for this app.
2014-08-22 11:32:53.042 CocaCola[95779:70b] Finished load of: file:///Users/agupta/Library/Application%20Support/iPhone%20Simulator/7.1/Applications/A3FEAB6D-DDDA-4F64-A113-09C56D00001C/CocaCola.app/www/index.html
2014-08-22 11:32:53:629 CocaCola[95779:70b] INFO|SFSmartStoreUpgrade|Migrating stores from legacy locations, where necessary.
2014-08-22 11:32:53:629 CocaCola[95779:70b] INFO|SFSmartStoreUpgrade|Legacy SmartStore directory does not exist.  Nothing to do.
2014-08-22 11:32:53:629 CocaCola[95779:70b] INFO|SFSmartStoreUpgrade|No legacy stores to migrate.
2014-08-22 11:32:53:629 CocaCola[95779:70b] INFO|SFSmartStoreUpgrade|Updating encryption method for all stores, where necessary.
2014-08-22 11:32:53:630 CocaCola[95779:70b] INFO|SFSmartStoreUpgrade|Number of stores to update: 1
2014-08-22 11:32:53:630 CocaCola[95779:70b] INFO|SFSmartStoreUpgrade|Store 'defaultStore' is already using the current encryption scheme.  Skipping.
2014-08-22 11:32:54.134 CocaCola[95779:70b] THREAD WARNING: ['com.salesforce.smartstore'] took '14.822021' ms. Plugin should use a background thread.
2014-08-22 11:32:54.164 CocaCola[95779:70b] THREAD WARNING: ['com.salesforce.smartstore'] took '21.289307' ms. Plugin should use a background thread.
2014-08-22 11:32:54.366 CocaCola[95779:70b] THREAD WARNING: ['com.salesforce.smartstore'] took '84.010010' ms. Plugin should use a background thread.
2014-08-22 11:32:54.558 CocaCola[95779:70b] THREAD WARNING: ['com.salesforce.smartstore'] took '25.769775' ms. Plugin should use a background thread.
2014-08-22 11:32:54.695 CocaCola[95779:70b] THREAD WARNING: ['com.salesforce.smartstore'] took '114.833252' ms. Plugin should use a background thread.
2014-08-22 11:33:34.401 CocaCola[95779:70b] THREAD WARNING: ['com.salesforce.smartstore'] took '31.580811' ms. Plugin should use a background thread.
Terminating in response to SpringBoard's termination.
